<?xml version="1.0" encoding="UTF-8"?>
<!-- Generated by org.testng.reporters.JUnitXMLReporter -->
<testsuite ignored="0" hostname="DESKTOP-PP8RICL" failures="0" tests="4" name="Default test" time="13.037" errors="0" timestamp="2025-01-19T00:22:50 BDT">
  <testcase classname="api.test.PetTests" name="testCreatePet" time="3.432"/>
  <testcase classname="api.test.PetTests" name="testReadPetById" time="1.356"/>
  <testcase classname="api.test.PetTests" name="testUpdatePet" time="4.352"/>
  <testcase classname="api.test.PetTests" name="testDeletePetById" time="2.868"/>
</testsuite> <!-- Default test -->
