<?xml version="1.0" encoding="UTF-8"?>
<!-- Generated by org.testng.reporters.JUnitXMLReporter -->
<testsuite ignored="0" hostname="DESKTOP-PP8RICL" failures="0" tests="4" name="Default test" time="10.134" errors="0" timestamp="2025-01-12T15:30:35 BDT">
  <testcase classname="api.test.StoreTests" name="testPlaceOrder" time="3.555"/>
  <testcase classname="api.test.StoreTests" name="testGetOrderById" time="1.367"/>
  <testcase classname="api.test.StoreTests" name="testDeleteOrderById" time="2.988"/>
  <testcase classname="api.test.StoreTests" name="testGetInventory" time="1.358"/>
</testsuite> <!-- Default test -->
