<?xml version="1.0" encoding="UTF-8"?>
<!-- Generated by org.testng.reporters.JUnitXMLReporter -->
<testsuite ignored="0" hostname="DESKTOP-PP8RICL" failures="0" tests="26" name="Test" time="56.212" errors="0" timestamp="2025-01-19T21:30:46 BDT">
  <testcase classname="api.test.UserTests" name="testPostUser" time="3.464"/>
  <testcase classname="api.test.UserTests" name="testGetUserByName" time="1.685"/>
  <testcase classname="api.test.UserTests" name="testUpdateUserByName" time="2.699"/>
  <testcase classname="api.test.UserTests" name="testDeleteUserByName" time="1.328"/>
  <testcase classname="api.test.UserTestsUsingProperties" name="testPostUser" time="1.358"/>
  <testcase classname="api.test.UserTestsUsingProperties" name="testGetUserByName" time="4.689"/>
  <testcase classname="api.test.UserTestsUsingProperties" name="testUpdateUserByName" time="3.409"/>
  <testcase classname="api.test.UserTestsUsingProperties" name="testDeleteUserByName" time="1.284"/>
  <testcase classname="api.test.DDUserTests" name="testPostUser" time="1.314"/>
  <testcase classname="api.test.DDUserTests" name="testPostUser" time="1.346"/>
  <testcase classname="api.test.DDUserTests" name="testPostUser" time="1.341"/>
  <testcase classname="api.test.DDUserTests" name="testPostUser" time="1.357"/>
  <testcase classname="api.test.DDUserTests" name="testPostUser" time="1.334"/>
  <testcase classname="api.test.DDUserTests" name="testDeleteUserByName" time="1.781"/>
  <testcase classname="api.test.DDUserTests" name="testDeleteUserByName" time="1.352"/>
  <testcase classname="api.test.DDUserTests" name="testDeleteUserByName" time="1.388"/>
  <testcase classname="api.test.DDUserTests" name="testDeleteUserByName" time="1.345"/>
  <testcase classname="api.test.DDUserTests" name="testDeleteUserByName" time="1.427"/>
  <testcase classname="api.test.StoreTests" name="testPlaceOrder" time="1.515"/>
  <testcase classname="api.test.StoreTests" name="testGetOrderById" time="1.28"/>
  <testcase classname="api.test.StoreTests" name="testDeleteOrderById" time="2.607"/>
  <testcase classname="api.test.StoreTests" name="testGetInventory" time="1.339"/>
  <testcase classname="api.test.PetTests" name="testCreatePet" time="2.353"/>
  <testcase classname="api.test.PetTests" name="testReadPetById" time="2.891"/>
  <testcase classname="api.test.PetTests" name="testUpdatePet" time="4.25"/>
  <testcase classname="api.test.PetTests" name="testDeletePetById" time="2.669"/>
</testsuite> <!-- Test -->
