<?xml version="1.0" encoding="UTF-8"?>
<!-- Generated by org.testng.reporters.JUnitXMLReporter -->
<testsuite ignored="0" hostname="DESKTOP-PP8RICL" failures="0" tests="22" name="Test" time="37.166" errors="0" timestamp="2025-01-12T15:38:44 BDT">
  <testcase classname="api.test.UserTests" name="testPostUser" time="3.245"/>
  <testcase classname="api.test.UserTests" name="testGetUserByName" time="1.642"/>
  <testcase classname="api.test.UserTests" name="testUpdateUserByName" time="2.527"/>
  <testcase classname="api.test.UserTests" name="testDeleteUserByName" time="1.275"/>
  <testcase classname="api.test.UserTestsUsingProperties" name="testPostUser" time="1.293"/>
  <testcase classname="api.test.UserTestsUsingProperties" name="testGetUserByName" time="1.28"/>
  <testcase classname="api.test.UserTestsUsingProperties" name="testUpdateUserByName" time="2.486"/>
  <testcase classname="api.test.UserTestsUsingProperties" name="testDeleteUserByName" time="1.263"/>
  <testcase classname="api.test.DDUserTests" name="testPostUser" time="1.223"/>
  <testcase classname="api.test.DDUserTests" name="testPostUser" time="1.313"/>
  <testcase classname="api.test.DDUserTests" name="testPostUser" time="1.307"/>
  <testcase classname="api.test.DDUserTests" name="testPostUser" time="1.252"/>
  <testcase classname="api.test.DDUserTests" name="testPostUser" time="1.328"/>
  <testcase classname="api.test.DDUserTests" name="testDeleteUserByName" time="1.247"/>
  <testcase classname="api.test.DDUserTests" name="testDeleteUserByName" time="1.237"/>
  <testcase classname="api.test.DDUserTests" name="testDeleteUserByName" time="1.267"/>
  <testcase classname="api.test.DDUserTests" name="testDeleteUserByName" time="1.291"/>
  <testcase classname="api.test.DDUserTests" name="testDeleteUserByName" time="1.273"/>
  <testcase classname="api.test.StoreTests" name="testPlaceOrder" time="1.264"/>
  <testcase classname="api.test.StoreTests" name="testGetOrderById" time="1.246"/>
  <testcase classname="api.test.StoreTests" name="testDeleteOrderById" time="2.517"/>
  <testcase classname="api.test.StoreTests" name="testGetInventory" time="1.25"/>
</testsuite> <!-- Test -->
