<?xml version="1.0" encoding="UTF-8"?>
<!-- Generated by org.testng.reporters.JUnitXMLReporter -->
<testsuite ignored="0" hostname="DESKTOP-PP8RICL" failures="0" tests="22" name="Test" time="38.253" errors="0" timestamp="2025-01-12T16:47:32 BDT">
  <testcase classname="api.test.UserTests" name="testPostUser" time="3.914"/>
  <testcase classname="api.test.UserTests" name="testGetUserByName" time="1.698"/>
  <testcase classname="api.test.UserTests" name="testUpdateUserByName" time="2.585"/>
  <testcase classname="api.test.UserTests" name="testDeleteUserByName" time="1.24"/>
  <testcase classname="api.test.UserTestsUsingProperties" name="testPostUser" time="1.249"/>
  <testcase classname="api.test.UserTestsUsingProperties" name="testGetUserByName" time="1.222"/>
  <testcase classname="api.test.UserTestsUsingProperties" name="testUpdateUserByName" time="2.59"/>
  <testcase classname="api.test.UserTestsUsingProperties" name="testDeleteUserByName" time="1.248"/>
  <testcase classname="api.test.DDUserTests" name="testPostUser" time="1.27"/>
  <testcase classname="api.test.DDUserTests" name="testPostUser" time="1.268"/>
  <testcase classname="api.test.DDUserTests" name="testPostUser" time="1.276"/>
  <testcase classname="api.test.DDUserTests" name="testPostUser" time="1.21"/>
  <testcase classname="api.test.DDUserTests" name="testPostUser" time="1.232"/>
  <testcase classname="api.test.DDUserTests" name="testDeleteUserByName" time="1.268"/>
  <testcase classname="api.test.DDUserTests" name="testDeleteUserByName" time="1.278"/>
  <testcase classname="api.test.DDUserTests" name="testDeleteUserByName" time="1.368"/>
  <testcase classname="api.test.DDUserTests" name="testDeleteUserByName" time="1.402"/>
  <testcase classname="api.test.DDUserTests" name="testDeleteUserByName" time="1.29"/>
  <testcase classname="api.test.StoreTests" name="testPlaceOrder" time="1.329"/>
  <testcase classname="api.test.StoreTests" name="testGetOrderById" time="1.259"/>
  <testcase classname="api.test.StoreTests" name="testDeleteOrderById" time="2.491"/>
  <testcase classname="api.test.StoreTests" name="testGetInventory" time="1.262"/>
</testsuite> <!-- Test -->
