<?xml version="1.0" encoding="UTF-8"?>
<testng-results ignored="0" total="22" passed="22" failed="0" skipped="0">
  <reporter-output>
  </reporter-output>
  <suite started-at="2025-01-12T16:46:53 BDT" name="Suite" finished-at="2025-01-12T16:47:31 BDT" duration-ms="38253">
    <groups>
    </groups>
    <test started-at="2025-01-12T16:46:53 BDT" name="Test" finished-at="2025-01-12T16:47:31 BDT" duration-ms="38253">
      <class name="api.test.DDUserTests">
        <test-method signature="testPostUser(java.lang.String,java.lang.String,java.lang.String,java.lang.String,java.lang.String,java.lang.String,java.lang.String)[pri:1, instance:api.test.DDUserTests@dd8ba08]" started-at="2025-01-12T16:47:12 BDT" name="testPostUser" data-provider="Data" finished-at="2025-01-12T16:47:13 BDT" duration-ms="1270" status="PASS">
          <params>
            <param index="0">
              <value>
                <![CDATA[10001]]>
              </value>
            </param>
            <param index="1">
              <value>
                <![CDATA[user1]]>
              </value>
            </param>
            <param index="2">
              <value>
                <![CDATA[test1]]>
              </value>
            </param>
            <param index="3">
              <value>
                <![CDATA[user1]]>
              </value>
            </param>
            <param index="4">
              <value>
                <![CDATA[test1@gmail.com]]>
              </value>
            </param>
            <param index="5">
              <value>
                <![CDATA[test@1]]>
              </value>
            </param>
            <param index="6">
              <value>
                <![CDATA[1234567891]]>
              </value>
            </param>
          </params>
          <reporter-output>
          </reporter-output>
        </test-method> <!-- testPostUser -->
        <test-method signature="testPostUser(java.lang.String,java.lang.String,java.lang.String,java.lang.String,java.lang.String,java.lang.String,java.lang.String)[pri:1, instance:api.test.DDUserTests@dd8ba08]" started-at="2025-01-12T16:47:13 BDT" name="testPostUser" data-provider="Data" finished-at="2025-01-12T16:47:15 BDT" duration-ms="1268" status="PASS">
          <params>
            <param index="0">
              <value>
                <![CDATA[10002]]>
              </value>
            </param>
            <param index="1">
              <value>
                <![CDATA[user2]]>
              </value>
            </param>
            <param index="2">
              <value>
                <![CDATA[test2]]>
              </value>
            </param>
            <param index="3">
              <value>
                <![CDATA[user2]]>
              </value>
            </param>
            <param index="4">
              <value>
                <![CDATA[test2@gmail.com]]>
              </value>
            </param>
            <param index="5">
              <value>
                <![CDATA[test@2]]>
              </value>
            </param>
            <param index="6">
              <value>
                <![CDATA[1234567892]]>
              </value>
            </param>
          </params>
          <reporter-output>
          </reporter-output>
        </test-method> <!-- testPostUser -->
        <test-method signature="testPostUser(java.lang.String,java.lang.String,java.lang.String,java.lang.String,java.lang.String,java.lang.String,java.lang.String)[pri:1, instance:api.test.DDUserTests@dd8ba08]" started-at="2025-01-12T16:47:15 BDT" name="testPostUser" data-provider="Data" finished-at="2025-01-12T16:47:16 BDT" duration-ms="1276" status="PASS">
          <params>
            <param index="0">
              <value>
                <![CDATA[10003]]>
              </value>
            </param>
            <param index="1">
              <value>
                <![CDATA[user3]]>
              </value>
            </param>
            <param index="2">
              <value>
                <![CDATA[test3]]>
              </value>
            </param>
            <param index="3">
              <value>
                <![CDATA[user3]]>
              </value>
            </param>
            <param index="4">
              <value>
                <![CDATA[test3@gmail.com]]>
              </value>
            </param>
            <param index="5">
              <value>
                <![CDATA[test@3]]>
              </value>
            </param>
            <param index="6">
              <value>
                <![CDATA[1234567893]]>
              </value>
            </param>
          </params>
          <reporter-output>
          </reporter-output>
        </test-method> <!-- testPostUser -->
        <test-method signature="testPostUser(java.lang.String,java.lang.String,java.lang.String,java.lang.String,java.lang.String,java.lang.String,java.lang.String)[pri:1, instance:api.test.DDUserTests@dd8ba08]" started-at="2025-01-12T16:47:16 BDT" name="testPostUser" data-provider="Data" finished-at="2025-01-12T16:47:17 BDT" duration-ms="1210" status="PASS">
          <params>
            <param index="0">
              <value>
                <![CDATA[10004]]>
              </value>
            </param>
            <param index="1">
              <value>
                <![CDATA[user4]]>
              </value>
            </param>
            <param index="2">
              <value>
                <![CDATA[test4]]>
              </value>
            </param>
            <param index="3">
              <value>
                <![CDATA[user4]]>
              </value>
            </param>
            <param index="4">
              <value>
                <![CDATA[test4@gmail.com]]>
              </value>
            </param>
            <param index="5">
              <value>
                <![CDATA[test@4]]>
              </value>
            </param>
            <param index="6">
              <value>
                <![CDATA[1234567894]]>
              </value>
            </param>
          </params>
          <reporter-output>
          </reporter-output>
        </test-method> <!-- testPostUser -->
        <test-method signature="testPostUser(java.lang.String,java.lang.String,java.lang.String,java.lang.String,java.lang.String,java.lang.String,java.lang.String)[pri:1, instance:api.test.DDUserTests@dd8ba08]" started-at="2025-01-12T16:47:17 BDT" name="testPostUser" data-provider="Data" finished-at="2025-01-12T16:47:18 BDT" duration-ms="1232" status="PASS">
          <params>
            <param index="0">
              <value>
                <![CDATA[10005]]>
              </value>
            </param>
            <param index="1">
              <value>
                <![CDATA[user5]]>
              </value>
            </param>
            <param index="2">
              <value>
                <![CDATA[test5]]>
              </value>
            </param>
            <param index="3">
              <value>
                <![CDATA[user5]]>
              </value>
            </param>
            <param index="4">
              <value>
                <![CDATA[test5@gmail.com]]>
              </value>
            </param>
            <param index="5">
              <value>
                <![CDATA[test@5]]>
              </value>
            </param>
            <param index="6">
              <value>
                <![CDATA[1234567895]]>
              </value>
            </param>
          </params>
          <reporter-output>
          </reporter-output>
        </test-method> <!-- testPostUser -->
        <test-method signature="testDeleteUserByName(java.lang.String)[pri:2, instance:api.test.DDUserTests@dd8ba08]" started-at="2025-01-12T16:47:18 BDT" name="testDeleteUserByName" data-provider="UserNames" finished-at="2025-01-12T16:47:20 BDT" duration-ms="1268" status="PASS">
          <params>
            <param index="0">
              <value>
                <![CDATA[user1]]>
              </value>
            </param>
          </params>
          <reporter-output>
          </reporter-output>
        </test-method> <!-- testDeleteUserByName -->
        <test-method signature="testDeleteUserByName(java.lang.String)[pri:2, instance:api.test.DDUserTests@dd8ba08]" started-at="2025-01-12T16:47:20 BDT" name="testDeleteUserByName" data-provider="UserNames" finished-at="2025-01-12T16:47:21 BDT" duration-ms="1278" status="PASS">
          <params>
            <param index="0">
              <value>
                <![CDATA[user2]]>
              </value>
            </param>
          </params>
          <reporter-output>
          </reporter-output>
        </test-method> <!-- testDeleteUserByName -->
        <test-method signature="testDeleteUserByName(java.lang.String)[pri:2, instance:api.test.DDUserTests@dd8ba08]" started-at="2025-01-12T16:47:21 BDT" name="testDeleteUserByName" data-provider="UserNames" finished-at="2025-01-12T16:47:22 BDT" duration-ms="1368" status="PASS">
          <params>
            <param index="0">
              <value>
                <![CDATA[user3]]>
              </value>
            </param>
          </params>
          <reporter-output>
          </reporter-output>
        </test-method> <!-- testDeleteUserByName -->
        <test-method signature="testDeleteUserByName(java.lang.String)[pri:2, instance:api.test.DDUserTests@dd8ba08]" started-at="2025-01-12T16:47:22 BDT" name="testDeleteUserByName" data-provider="UserNames" finished-at="2025-01-12T16:47:24 BDT" duration-ms="1402" status="PASS">
          <params>
            <param index="0">
              <value>
                <![CDATA[user4]]>
              </value>
            </param>
          </params>
          <reporter-output>
          </reporter-output>
        </test-method> <!-- testDeleteUserByName -->
        <test-method signature="testDeleteUserByName(java.lang.String)[pri:2, instance:api.test.DDUserTests@dd8ba08]" started-at="2025-01-12T16:47:24 BDT" name="testDeleteUserByName" data-provider="UserNames" finished-at="2025-01-12T16:47:25 BDT" duration-ms="1290" status="PASS">
          <params>
            <param index="0">
              <value>
                <![CDATA[user5]]>
              </value>
            </param>
          </params>
          <reporter-output>
          </reporter-output>
        </test-method> <!-- testDeleteUserByName -->
      </class> <!-- api.test.DDUserTests -->
      <class name="api.test.UserTestsUsingProperties">
        <test-method is-config="true" signature="setup()[pri:0, instance:api.test.UserTestsUsingProperties@515aebb0]" started-at="2025-01-12T16:47:04 BDT" name="setup" finished-at="2025-01-12T16:47:04 BDT" duration-ms="54" status="PASS">
          <reporter-output>
          </reporter-output>
        </test-method> <!-- setup -->
        <test-method signature="testPostUser()[pri:1, instance:api.test.UserTestsUsingProperties@515aebb0]" started-at="2025-01-12T16:47:04 BDT" name="testPostUser" finished-at="2025-01-12T16:47:05 BDT" duration-ms="1249" status="PASS">
          <reporter-output>
          </reporter-output>
        </test-method> <!-- testPostUser -->
        <test-method signature="testGetUserByName()[pri:2, instance:api.test.UserTestsUsingProperties@515aebb0]" started-at="2025-01-12T16:47:05 BDT" name="testGetUserByName" finished-at="2025-01-12T16:47:06 BDT" duration-ms="1222" status="PASS">
          <reporter-output>
          </reporter-output>
        </test-method> <!-- testGetUserByName -->
        <test-method signature="testUpdateUserByName()[pri:3, instance:api.test.UserTestsUsingProperties@515aebb0]" started-at="2025-01-12T16:47:06 BDT" name="testUpdateUserByName" finished-at="2025-01-12T16:47:09 BDT" duration-ms="2590" status="PASS">
          <reporter-output>
          </reporter-output>
        </test-method> <!-- testUpdateUserByName -->
        <test-method signature="testDeleteUserByName()[pri:4, instance:api.test.UserTestsUsingProperties@515aebb0]" started-at="2025-01-12T16:47:09 BDT" name="testDeleteUserByName" finished-at="2025-01-12T16:47:10 BDT" duration-ms="1248" status="PASS">
          <reporter-output>
          </reporter-output>
        </test-method> <!-- testDeleteUserByName -->
      </class> <!-- api.test.UserTestsUsingProperties -->
      <class name="api.test.UserTests">
        <test-method is-config="true" signature="setup()[pri:0, instance:api.test.UserTests@6572421]" started-at="2025-01-12T16:46:53 BDT" name="setup" finished-at="2025-01-12T16:46:54 BDT" duration-ms="758" status="PASS">
          <reporter-output>
          </reporter-output>
        </test-method> <!-- setup -->
        <test-method signature="testPostUser()[pri:1, instance:api.test.UserTests@6572421]" started-at="2025-01-12T16:46:54 BDT" name="testPostUser" finished-at="2025-01-12T16:46:58 BDT" duration-ms="3914" status="PASS">
          <reporter-output>
          </reporter-output>
        </test-method> <!-- testPostUser -->
        <test-method signature="testGetUserByName()[pri:2, instance:api.test.UserTests@6572421]" started-at="2025-01-12T16:46:58 BDT" name="testGetUserByName" finished-at="2025-01-12T16:47:00 BDT" duration-ms="1698" status="PASS">
          <reporter-output>
          </reporter-output>
        </test-method> <!-- testGetUserByName -->
        <test-method signature="testUpdateUserByName()[pri:3, instance:api.test.UserTests@6572421]" started-at="2025-01-12T16:47:00 BDT" name="testUpdateUserByName" finished-at="2025-01-12T16:47:02 BDT" duration-ms="2585" status="PASS">
          <reporter-output>
          </reporter-output>
        </test-method> <!-- testUpdateUserByName -->
        <test-method signature="testDeleteUserByName()[pri:4, instance:api.test.UserTests@6572421]" started-at="2025-01-12T16:47:02 BDT" name="testDeleteUserByName" finished-at="2025-01-12T16:47:04 BDT" duration-ms="1240" status="PASS">
          <reporter-output>
          </reporter-output>
        </test-method> <!-- testDeleteUserByName -->
      </class> <!-- api.test.UserTests -->
      <class name="api.test.StoreTests">
        <test-method is-config="true" signature="setup()[pri:0, instance:api.test.StoreTests@245b4bdc]" started-at="2025-01-12T16:47:25 BDT" name="setup" finished-at="2025-01-12T16:47:25 BDT" duration-ms="3" status="PASS">
          <reporter-output>
          </reporter-output>
        </test-method> <!-- setup -->
        <test-method signature="testPlaceOrder()[pri:1, instance:api.test.StoreTests@245b4bdc]" started-at="2025-01-12T16:47:25 BDT" name="testPlaceOrder" finished-at="2025-01-12T16:47:26 BDT" duration-ms="1329" status="PASS">
          <reporter-output>
          </reporter-output>
        </test-method> <!-- testPlaceOrder -->
        <test-method signature="testGetOrderById()[pri:2, instance:api.test.StoreTests@245b4bdc]" started-at="2025-01-12T16:47:26 BDT" name="testGetOrderById" finished-at="2025-01-12T16:47:28 BDT" duration-ms="1259" status="PASS">
          <reporter-output>
          </reporter-output>
        </test-method> <!-- testGetOrderById -->
        <test-method signature="testDeleteOrderById()[pri:3, instance:api.test.StoreTests@245b4bdc]" started-at="2025-01-12T16:47:28 BDT" name="testDeleteOrderById" finished-at="2025-01-12T16:47:30 BDT" duration-ms="2491" status="PASS">
          <reporter-output>
          </reporter-output>
        </test-method> <!-- testDeleteOrderById -->
        <test-method signature="testGetInventory()[pri:4, instance:api.test.StoreTests@245b4bdc]" started-at="2025-01-12T16:47:30 BDT" name="testGetInventory" finished-at="2025-01-12T16:47:31 BDT" duration-ms="1262" status="PASS">
          <reporter-output>
          </reporter-output>
        </test-method> <!-- testGetInventory -->
      </class> <!-- api.test.StoreTests -->
    </test> <!-- Test -->
  </suite> <!-- Suite -->
</testng-results>
