<?xml version="1.0" encoding="UTF-8"?>
<testsuite xmlns:xsi="http://www.w3.org/2001/XMLSchema-instance" xsi:noNamespaceSchemaLocation="https://maven.apache.org/surefire/maven-surefire-plugin/xsd/surefire-test-report.xsd" version="3.0.2" name="TestSuite" time="39.328" tests="22" errors="0" skipped="0" failures="0">
  <properties>
[...]
</properties>
  <testcase name="testPostUser" classname="api.test.UserTests" time="3.928">
    <system-out><![CDATA[HTTP/1.1 200 OK
Date: Sun, 12 Jan 2025 10:46:58 GMT
Content-Type: application/json
Transfer-Encoding: chunked
Connection: keep-alive
Access-Control-Allow-Origin: *
Access-Control-Allow-Methods: GET, POST, DELETE, PUT
Access-Control-Allow-Headers: Content-Type, api_key, Authorization
Server: Jetty(9.2.9.v20150224)

{
    "code": 200,
    "type": "unknown",
    "message": "1472216456"
}
]]></system-out>
    <system-err><![CDATA[SLF4J: Failed to load class "org.slf4j.impl.StaticLoggerBinder".
SLF4J: Defaulting to no-operation (NOP) logger implementation
SLF4J: See http://www.slf4j.org/codes.html#StaticLoggerBinder for further details.
]]></system-err>
  </testcase>
  <testcase name="testGetUserByName" classname="api.test.UserTests" time="1.693">
    <system-out><![CDATA[HTTP/1.1 200 OK
Date: Sun, 12 Jan 2025 10:46:59 GMT
Content-Type: application/json
Transfer-Encoding: chunked
Connection: keep-alive
Access-Control-Allow-Origin: *
Access-Control-Allow-Methods: GET, POST, DELETE, PUT
Access-Control-Allow-Headers: Content-Type, api_key, Authorization
Server: Jetty(9.2.9.v20150224)

{
    "id": 1472216456,
    "username": "booker.hagenes",
    "email": "xenia.monahan@example.com",
    "password": "7wmv4kxmb",
    "phone": "(670) 397-6330",
    "userStatus": 0
}
]]></system-out>
  </testcase>
  <testcase name="testUpdateUserByName" classname="api.test.UserTests" time="2.585">
    <system-out><![CDATA[{
    "code": 200,
    "type": "unknown",
    "message": "1472216456"
}
]]></system-out>
  </testcase>
  <testcase name="testDeleteUserByName" classname="api.test.UserTests" time="1.24"/>
  <testcase name="testPostUser" classname="api.test.UserTestsUsingProperties" time="1.259">
    <system-out><![CDATA[HTTP/1.1 200 OK
Date: Sun, 12 Jan 2025 10:47:05 GMT
Content-Type: application/json
Transfer-Encoding: chunked
Connection: keep-alive
Access-Control-Allow-Origin: *
Access-Control-Allow-Methods: GET, POST, DELETE, PUT
Access-Control-Allow-Headers: Content-Type, api_key, Authorization
Server: Jetty(9.2.9.v20150224)

{
    "code": 200,
    "type": "unknown",
    "message": "741268455"
}
]]></system-out>
  </testcase>
  <testcase name="testGetUserByName" classname="api.test.UserTestsUsingProperties" time="1.219">
    <system-out><![CDATA[HTTP/1.1 200 OK
Date: Sun, 12 Jan 2025 10:47:06 GMT
Content-Type: application/json
Transfer-Encoding: chunked
Connection: keep-alive
Access-Control-Allow-Origin: *
Access-Control-Allow-Methods: GET, POST, DELETE, PUT
Access-Control-Allow-Headers: Content-Type, api_key, Authorization
Server: Jetty(9.2.9.v20150224)

{
    "id": 741268455,
    "username": "buster.friesen",
    "email": "tommy.marks@example.com",
    "password": "7k7cx408",
    "phone": "211-016-6544",
    "userStatus": 0
}
]]></system-out>
  </testcase>
  <testcase name="testUpdateUserByName" classname="api.test.UserTestsUsingProperties" time="2.584">
    <system-out><![CDATA[{
    "code": 200,
    "type": "unknown",
    "message": "741268455"
}
]]></system-out>
  </testcase>
  <testcase name="testDeleteUserByName" classname="api.test.UserTestsUsingProperties" time="1.248"/>
  <testcase name="testPostUser[10001, user1, test1, user1, test1@gmail.com, test@1, 1234567891](1)" classname="api.test.DDUserTests" time="1.269"/>
  <testcase name="testPostUser[10002, user2, test2, user2, test2@gmail.com, test@2, 1234567892](2)" classname="api.test.DDUserTests" time="1.268"/>
  <testcase name="testPostUser[10003, user3, test3, user3, test3@gmail.com, test@3, 1234567893](3)" classname="api.test.DDUserTests" time="1.279"/>
  <testcase name="testPostUser[10004, user4, test4, user4, test4@gmail.com, test@4, 1234567894](4)" classname="api.test.DDUserTests" time="1.208"/>
  <testcase name="testPostUser[10005, user5, test5, user5, test5@gmail.com, test@5, 1234567895](5)" classname="api.test.DDUserTests" time="1.231"/>
  <testcase name="testDeleteUserByName[user1](1)" classname="api.test.DDUserTests" time="1.265"/>
  <testcase name="testDeleteUserByName[user2](2)" classname="api.test.DDUserTests" time="1.278"/>
  <testcase name="testDeleteUserByName[user3](3)" classname="api.test.DDUserTests" time="1.368"/>
  <testcase name="testDeleteUserByName[user4](4)" classname="api.test.DDUserTests" time="1.402"/>
  <testcase name="testDeleteUserByName[user5](5)" classname="api.test.DDUserTests" time="1.291"/>
  <testcase name="testPlaceOrder" classname="api.test.StoreTests" time="1.335">
    <system-out><![CDATA[HTTP/1.1 200 OK
Date: Sun, 12 Jan 2025 10:47:26 GMT
Content-Type: application/json
Transfer-Encoding: chunked
Connection: keep-alive
Access-Control-Allow-Origin: *
Access-Control-Allow-Methods: GET, POST, DELETE, PUT
Access-Control-Allow-Headers: Content-Type, api_key, Authorization
Server: Jetty(9.2.9.v20150224)

{
    "id": 77,
    "petId": 18,
    "quantity": 2,
    "shipDate": "2025-01-19T02:20:48.719+0000",
    "status": "placed",
    "complete": true
}
]]></system-out>
  </testcase>
  <testcase name="testGetOrderById" classname="api.test.StoreTests" time="1.266">
    <system-out><![CDATA[HTTP/1.1 200 OK
Date: Sun, 12 Jan 2025 10:47:28 GMT
Content-Type: application/json
Transfer-Encoding: chunked
Connection: keep-alive
Access-Control-Allow-Origin: *
Access-Control-Allow-Methods: GET, POST, DELETE, PUT
Access-Control-Allow-Headers: Content-Type, api_key, Authorization
Server: Jetty(9.2.9.v20150224)

{
    "id": 77,
    "petId": 18,
    "quantity": 2,
    "shipDate": "2025-01-19T02:20:48.719+0000",
    "status": "placed",
    "complete": true
}
]]></system-out>
  </testcase>
  <testcase name="testDeleteOrderById" classname="api.test.StoreTests" time="2.48">
    <system-out><![CDATA[HTTP/1.1 200 OK
Date: Sun, 12 Jan 2025 10:47:29 GMT
Content-Type: application/json
Transfer-Encoding: chunked
Connection: keep-alive
Access-Control-Allow-Origin: *
Access-Control-Allow-Methods: GET, POST, DELETE, PUT
Access-Control-Allow-Headers: Content-Type, api_key, Authorization
Server: Jetty(9.2.9.v20150224)

{
    "code": 200,
    "type": "unknown",
    "message": "77"
}
]]></system-out>
  </testcase>
  <testcase name="testGetInventory" classname="api.test.StoreTests" time="1.266">
    <system-out><![CDATA[HTTP/1.1 200 OK
Date: Sun, 12 Jan 2025 10:47:31 GMT
Content-Type: application/json
Transfer-Encoding: chunked
Connection: keep-alive
Access-Control-Allow-Origin: *
Access-Control-Allow-Methods: GET, POST, DELETE, PUT
Access-Control-Allow-Headers: Content-Type, api_key, Authorization
Server: Jetty(9.2.9.v20150224)

{
    "sold": 6,
    "string": 769,
    "pending": 2,
    "available": 215,
    "not available": 1
}
]]></system-out>
  </testcase>
</testsuite>