<?xml version="1.0" encoding="UTF-8"?>
<testng-results ignored="0" total="26" passed="26" failed="0" skipped="0">
  <reporter-output>
  </reporter-output>
  <suite started-at="2025-01-19T21:29:49 BDT" name="Suite" finished-at="2025-01-19T21:30:45 BDT" duration-ms="56212">
    <groups>
    </groups>
    <test started-at="2025-01-19T21:29:49 BDT" name="Test" finished-at="2025-01-19T21:30:45 BDT" duration-ms="56212">
      <class name="api.test.DDUserTests">
        <test-method signature="testPostUser(java.lang.String,java.lang.String,java.lang.String,java.lang.String,java.lang.String,java.lang.String,java.lang.String)[pri:1, instance:api.test.DDUserTests@196a42c3]" started-at="2025-01-19T21:30:12 BDT" name="testPostUser" data-provider="Data" finished-at="2025-01-19T21:30:14 BDT" duration-ms="1314" status="PASS">
          <params>
            <param index="0">
              <value>
                <![CDATA[10001]]>
              </value>
            </param>
            <param index="1">
              <value>
                <![CDATA[user1]]>
              </value>
            </param>
            <param index="2">
              <value>
                <![CDATA[test1]]>
              </value>
            </param>
            <param index="3">
              <value>
                <![CDATA[user1]]>
              </value>
            </param>
            <param index="4">
              <value>
                <![CDATA[test1@gmail.com]]>
              </value>
            </param>
            <param index="5">
              <value>
                <![CDATA[test@1]]>
              </value>
            </param>
            <param index="6">
              <value>
                <![CDATA[1234567891]]>
              </value>
            </param>
          </params>
          <reporter-output>
          </reporter-output>
        </test-method> <!-- testPostUser -->
        <test-method signature="testPostUser(java.lang.String,java.lang.String,java.lang.String,java.lang.String,java.lang.String,java.lang.String,java.lang.String)[pri:1, instance:api.test.DDUserTests@196a42c3]" started-at="2025-01-19T21:30:14 BDT" name="testPostUser" data-provider="Data" finished-at="2025-01-19T21:30:15 BDT" duration-ms="1346" status="PASS">
          <params>
            <param index="0">
              <value>
                <![CDATA[10002]]>
              </value>
            </param>
            <param index="1">
              <value>
                <![CDATA[user2]]>
              </value>
            </param>
            <param index="2">
              <value>
                <![CDATA[test2]]>
              </value>
            </param>
            <param index="3">
              <value>
                <![CDATA[user2]]>
              </value>
            </param>
            <param index="4">
              <value>
                <![CDATA[test2@gmail.com]]>
              </value>
            </param>
            <param index="5">
              <value>
                <![CDATA[test@2]]>
              </value>
            </param>
            <param index="6">
              <value>
                <![CDATA[1234567892]]>
              </value>
            </param>
          </params>
          <reporter-output>
          </reporter-output>
        </test-method> <!-- testPostUser -->
        <test-method signature="testPostUser(java.lang.String,java.lang.String,java.lang.String,java.lang.String,java.lang.String,java.lang.String,java.lang.String)[pri:1, instance:api.test.DDUserTests@196a42c3]" started-at="2025-01-19T21:30:15 BDT" name="testPostUser" data-provider="Data" finished-at="2025-01-19T21:30:16 BDT" duration-ms="1341" status="PASS">
          <params>
            <param index="0">
              <value>
                <![CDATA[10003]]>
              </value>
            </param>
            <param index="1">
              <value>
                <![CDATA[user3]]>
              </value>
            </param>
            <param index="2">
              <value>
                <![CDATA[test3]]>
              </value>
            </param>
            <param index="3">
              <value>
                <![CDATA[user3]]>
              </value>
            </param>
            <param index="4">
              <value>
                <![CDATA[test3@gmail.com]]>
              </value>
            </param>
            <param index="5">
              <value>
                <![CDATA[test@3]]>
              </value>
            </param>
            <param index="6">
              <value>
                <![CDATA[1234567893]]>
              </value>
            </param>
          </params>
          <reporter-output>
          </reporter-output>
        </test-method> <!-- testPostUser -->
        <test-method signature="testPostUser(java.lang.String,java.lang.String,java.lang.String,java.lang.String,java.lang.String,java.lang.String,java.lang.String)[pri:1, instance:api.test.DDUserTests@196a42c3]" started-at="2025-01-19T21:30:16 BDT" name="testPostUser" data-provider="Data" finished-at="2025-01-19T21:30:18 BDT" duration-ms="1357" status="PASS">
          <params>
            <param index="0">
              <value>
                <![CDATA[10004]]>
              </value>
            </param>
            <param index="1">
              <value>
                <![CDATA[user4]]>
              </value>
            </param>
            <param index="2">
              <value>
                <![CDATA[test4]]>
              </value>
            </param>
            <param index="3">
              <value>
                <![CDATA[user4]]>
              </value>
            </param>
            <param index="4">
              <value>
                <![CDATA[test4@gmail.com]]>
              </value>
            </param>
            <param index="5">
              <value>
                <![CDATA[test@4]]>
              </value>
            </param>
            <param index="6">
              <value>
                <![CDATA[1234567894]]>
              </value>
            </param>
          </params>
          <reporter-output>
          </reporter-output>
        </test-method> <!-- testPostUser -->
        <test-method signature="testPostUser(java.lang.String,java.lang.String,java.lang.String,java.lang.String,java.lang.String,java.lang.String,java.lang.String)[pri:1, instance:api.test.DDUserTests@196a42c3]" started-at="2025-01-19T21:30:18 BDT" name="testPostUser" data-provider="Data" finished-at="2025-01-19T21:30:19 BDT" duration-ms="1334" status="PASS">
          <params>
            <param index="0">
              <value>
                <![CDATA[10005]]>
              </value>
            </param>
            <param index="1">
              <value>
                <![CDATA[user5]]>
              </value>
            </param>
            <param index="2">
              <value>
                <![CDATA[test5]]>
              </value>
            </param>
            <param index="3">
              <value>
                <![CDATA[user5]]>
              </value>
            </param>
            <param index="4">
              <value>
                <![CDATA[test5@gmail.com]]>
              </value>
            </param>
            <param index="5">
              <value>
                <![CDATA[test@5]]>
              </value>
            </param>
            <param index="6">
              <value>
                <![CDATA[1234567895]]>
              </value>
            </param>
          </params>
          <reporter-output>
          </reporter-output>
        </test-method> <!-- testPostUser -->
        <test-method signature="testDeleteUserByName(java.lang.String)[pri:2, instance:api.test.DDUserTests@196a42c3]" started-at="2025-01-19T21:30:19 BDT" name="testDeleteUserByName" data-provider="UserNames" finished-at="2025-01-19T21:30:21 BDT" duration-ms="1781" status="PASS">
          <params>
            <param index="0">
              <value>
                <![CDATA[user1]]>
              </value>
            </param>
          </params>
          <reporter-output>
          </reporter-output>
        </test-method> <!-- testDeleteUserByName -->
        <test-method signature="testDeleteUserByName(java.lang.String)[pri:2, instance:api.test.DDUserTests@196a42c3]" started-at="2025-01-19T21:30:21 BDT" name="testDeleteUserByName" data-provider="UserNames" finished-at="2025-01-19T21:30:22 BDT" duration-ms="1352" status="PASS">
          <params>
            <param index="0">
              <value>
                <![CDATA[user2]]>
              </value>
            </param>
          </params>
          <reporter-output>
          </reporter-output>
        </test-method> <!-- testDeleteUserByName -->
        <test-method signature="testDeleteUserByName(java.lang.String)[pri:2, instance:api.test.DDUserTests@196a42c3]" started-at="2025-01-19T21:30:22 BDT" name="testDeleteUserByName" data-provider="UserNames" finished-at="2025-01-19T21:30:24 BDT" duration-ms="1388" status="PASS">
          <params>
            <param index="0">
              <value>
                <![CDATA[user3]]>
              </value>
            </param>
          </params>
          <reporter-output>
          </reporter-output>
        </test-method> <!-- testDeleteUserByName -->
        <test-method signature="testDeleteUserByName(java.lang.String)[pri:2, instance:api.test.DDUserTests@196a42c3]" started-at="2025-01-19T21:30:24 BDT" name="testDeleteUserByName" data-provider="UserNames" finished-at="2025-01-19T21:30:25 BDT" duration-ms="1345" status="PASS">
          <params>
            <param index="0">
              <value>
                <![CDATA[user4]]>
              </value>
            </param>
          </params>
          <reporter-output>
          </reporter-output>
        </test-method> <!-- testDeleteUserByName -->
        <test-method signature="testDeleteUserByName(java.lang.String)[pri:2, instance:api.test.DDUserTests@196a42c3]" started-at="2025-01-19T21:30:25 BDT" name="testDeleteUserByName" data-provider="UserNames" finished-at="2025-01-19T21:30:26 BDT" duration-ms="1427" status="PASS">
          <params>
            <param index="0">
              <value>
                <![CDATA[user5]]>
              </value>
            </param>
          </params>
          <reporter-output>
          </reporter-output>
        </test-method> <!-- testDeleteUserByName -->
      </class> <!-- api.test.DDUserTests -->
      <class name="api.test.UserTestsUsingProperties">
        <test-method is-config="true" signature="setup()[pri:0, instance:api.test.UserTestsUsingProperties@79e4c792]" started-at="2025-01-19T21:30:00 BDT" name="setup" finished-at="2025-01-19T21:30:00 BDT" duration-ms="67" status="PASS">
          <reporter-output>
          </reporter-output>
        </test-method> <!-- setup -->
        <test-method signature="testPostUser()[pri:1, instance:api.test.UserTestsUsingProperties@79e4c792]" started-at="2025-01-19T21:30:00 BDT" name="testPostUser" finished-at="2025-01-19T21:30:01 BDT" duration-ms="1358" status="PASS">
          <reporter-output>
          </reporter-output>
        </test-method> <!-- testPostUser -->
        <test-method signature="testGetUserByName()[pri:2, instance:api.test.UserTestsUsingProperties@79e4c792]" started-at="2025-01-19T21:30:01 BDT" name="testGetUserByName" finished-at="2025-01-19T21:30:06 BDT" duration-ms="4689" status="PASS">
          <reporter-output>
          </reporter-output>
        </test-method> <!-- testGetUserByName -->
        <test-method signature="testUpdateUserByName()[pri:3, instance:api.test.UserTestsUsingProperties@79e4c792]" started-at="2025-01-19T21:30:06 BDT" name="testUpdateUserByName" finished-at="2025-01-19T21:30:09 BDT" duration-ms="3409" status="PASS">
          <reporter-output>
          </reporter-output>
        </test-method> <!-- testUpdateUserByName -->
        <test-method signature="testDeleteUserByName()[pri:4, instance:api.test.UserTestsUsingProperties@79e4c792]" started-at="2025-01-19T21:30:09 BDT" name="testDeleteUserByName" finished-at="2025-01-19T21:30:11 BDT" duration-ms="1284" status="PASS">
          <reporter-output>
          </reporter-output>
        </test-method> <!-- testDeleteUserByName -->
      </class> <!-- api.test.UserTestsUsingProperties -->
      <class name="api.test.UserTests">
        <test-method is-config="true" signature="setup()[pri:0, instance:api.test.UserTests@7bba5817]" started-at="2025-01-19T21:29:50 BDT" name="setup" finished-at="2025-01-19T21:29:51 BDT" duration-ms="885" status="PASS">
          <reporter-output>
          </reporter-output>
        </test-method> <!-- setup -->
        <test-method signature="testPostUser()[pri:1, instance:api.test.UserTests@7bba5817]" started-at="2025-01-19T21:29:51 BDT" name="testPostUser" finished-at="2025-01-19T21:29:54 BDT" duration-ms="3464" status="PASS">
          <reporter-output>
          </reporter-output>
        </test-method> <!-- testPostUser -->
        <test-method signature="testGetUserByName()[pri:2, instance:api.test.UserTests@7bba5817]" started-at="2025-01-19T21:29:54 BDT" name="testGetUserByName" finished-at="2025-01-19T21:29:56 BDT" duration-ms="1685" status="PASS">
          <reporter-output>
          </reporter-output>
        </test-method> <!-- testGetUserByName -->
        <test-method signature="testUpdateUserByName()[pri:3, instance:api.test.UserTests@7bba5817]" started-at="2025-01-19T21:29:56 BDT" name="testUpdateUserByName" finished-at="2025-01-19T21:29:58 BDT" duration-ms="2699" status="PASS">
          <reporter-output>
          </reporter-output>
        </test-method> <!-- testUpdateUserByName -->
        <test-method signature="testDeleteUserByName()[pri:4, instance:api.test.UserTests@7bba5817]" started-at="2025-01-19T21:29:58 BDT" name="testDeleteUserByName" finished-at="2025-01-19T21:30:00 BDT" duration-ms="1328" status="PASS">
          <reporter-output>
          </reporter-output>
        </test-method> <!-- testDeleteUserByName -->
      </class> <!-- api.test.UserTests -->
      <class name="api.test.PetTests">
        <test-method is-config="true" signature="setup()[pri:0, instance:api.test.PetTests@15043a2f]" started-at="2025-01-19T21:30:33 BDT" name="setup" finished-at="2025-01-19T21:30:33 BDT" duration-ms="75" status="PASS">
          <reporter-output>
          </reporter-output>
        </test-method> <!-- setup -->
        <test-method signature="testCreatePet()[pri:1, instance:api.test.PetTests@15043a2f]" started-at="2025-01-19T21:30:33 BDT" name="testCreatePet" finished-at="2025-01-19T21:30:36 BDT" duration-ms="2353" status="PASS">
          <reporter-output>
          </reporter-output>
        </test-method> <!-- testCreatePet -->
        <test-method signature="testReadPetById()[pri:2, instance:api.test.PetTests@15043a2f]" started-at="2025-01-19T21:30:36 BDT" name="testReadPetById" finished-at="2025-01-19T21:30:39 BDT" duration-ms="2891" status="PASS">
          <reporter-output>
          </reporter-output>
        </test-method> <!-- testReadPetById -->
        <test-method signature="testUpdatePet()[pri:3, instance:api.test.PetTests@15043a2f]" started-at="2025-01-19T21:30:39 BDT" name="testUpdatePet" finished-at="2025-01-19T21:30:43 BDT" duration-ms="4250" status="PASS">
          <reporter-output>
          </reporter-output>
        </test-method> <!-- testUpdatePet -->
        <test-method signature="testDeletePetById()[pri:4, instance:api.test.PetTests@15043a2f]" started-at="2025-01-19T21:30:43 BDT" name="testDeletePetById" finished-at="2025-01-19T21:30:45 BDT" duration-ms="2669" status="PASS">
          <reporter-output>
          </reporter-output>
        </test-method> <!-- testDeletePetById -->
      </class> <!-- api.test.PetTests -->
      <class name="api.test.StoreTests">
        <test-method is-config="true" signature="setup()[pri:0, instance:api.test.StoreTests@4c60d6e9]" started-at="2025-01-19T21:30:26 BDT" name="setup" finished-at="2025-01-19T21:30:26 BDT" duration-ms="4" status="PASS">
          <reporter-output>
          </reporter-output>
        </test-method> <!-- setup -->
        <test-method signature="testPlaceOrder()[pri:1, instance:api.test.StoreTests@4c60d6e9]" started-at="2025-01-19T21:30:26 BDT" name="testPlaceOrder" finished-at="2025-01-19T21:30:28 BDT" duration-ms="1515" status="PASS">
          <reporter-output>
          </reporter-output>
        </test-method> <!-- testPlaceOrder -->
        <test-method signature="testGetOrderById()[pri:2, instance:api.test.StoreTests@4c60d6e9]" started-at="2025-01-19T21:30:28 BDT" name="testGetOrderById" finished-at="2025-01-19T21:30:29 BDT" duration-ms="1280" status="PASS">
          <reporter-output>
          </reporter-output>
        </test-method> <!-- testGetOrderById -->
        <test-method signature="testDeleteOrderById()[pri:3, instance:api.test.StoreTests@4c60d6e9]" started-at="2025-01-19T21:30:29 BDT" name="testDeleteOrderById" finished-at="2025-01-19T21:30:32 BDT" duration-ms="2607" status="PASS">
          <reporter-output>
          </reporter-output>
        </test-method> <!-- testDeleteOrderById -->
        <test-method signature="testGetInventory()[pri:4, instance:api.test.StoreTests@4c60d6e9]" started-at="2025-01-19T21:30:32 BDT" name="testGetInventory" finished-at="2025-01-19T21:30:33 BDT" duration-ms="1339" status="PASS">
          <reporter-output>
          </reporter-output>
        </test-method> <!-- testGetInventory -->
      </class> <!-- api.test.StoreTests -->
    </test> <!-- Test -->
  </suite> <!-- Suite -->
</testng-results>
