<?xml version="1.0" encoding="UTF-8"?>
<testng-results ignored="0" total="22" passed="22" failed="0" skipped="0">
  <reporter-output>
  </reporter-output>
  <suite started-at="2025-01-12T15:38:06 BDT" name="Suite" finished-at="2025-01-12T15:38:43 BDT" duration-ms="37166">
    <groups>
    </groups>
    <test started-at="2025-01-12T15:38:06 BDT" name="Test" finished-at="2025-01-12T15:38:43 BDT" duration-ms="37166">
      <class name="api.test.DDUserTests">
        <test-method signature="testPostUser(java.lang.String,java.lang.String,java.lang.String,java.lang.String,java.lang.String,java.lang.String,java.lang.String)[pri:1, instance:api.test.DDUserTests@75437611]" started-at="2025-01-12T15:38:24 BDT" name="testPostUser" data-provider="Data" finished-at="2025-01-12T15:38:25 BDT" duration-ms="1223" status="PASS">
          <params>
            <param index="0">
              <value>
                <![CDATA[10001]]>
              </value>
            </param>
            <param index="1">
              <value>
                <![CDATA[user1]]>
              </value>
            </param>
            <param index="2">
              <value>
                <![CDATA[test1]]>
              </value>
            </param>
            <param index="3">
              <value>
                <![CDATA[user1]]>
              </value>
            </param>
            <param index="4">
              <value>
                <![CDATA[test1@gmail.com]]>
              </value>
            </param>
            <param index="5">
              <value>
                <![CDATA[test@1]]>
              </value>
            </param>
            <param index="6">
              <value>
                <![CDATA[1234567891]]>
              </value>
            </param>
          </params>
          <reporter-output>
          </reporter-output>
        </test-method> <!-- testPostUser -->
        <test-method signature="testPostUser(java.lang.String,java.lang.String,java.lang.String,java.lang.String,java.lang.String,java.lang.String,java.lang.String)[pri:1, instance:api.test.DDUserTests@75437611]" started-at="2025-01-12T15:38:25 BDT" name="testPostUser" data-provider="Data" finished-at="2025-01-12T15:38:27 BDT" duration-ms="1313" status="PASS">
          <params>
            <param index="0">
              <value>
                <![CDATA[10002]]>
              </value>
            </param>
            <param index="1">
              <value>
                <![CDATA[user2]]>
              </value>
            </param>
            <param index="2">
              <value>
                <![CDATA[test2]]>
              </value>
            </param>
            <param index="3">
              <value>
                <![CDATA[user2]]>
              </value>
            </param>
            <param index="4">
              <value>
                <![CDATA[test2@gmail.com]]>
              </value>
            </param>
            <param index="5">
              <value>
                <![CDATA[test@2]]>
              </value>
            </param>
            <param index="6">
              <value>
                <![CDATA[1234567892]]>
              </value>
            </param>
          </params>
          <reporter-output>
          </reporter-output>
        </test-method> <!-- testPostUser -->
        <test-method signature="testPostUser(java.lang.String,java.lang.String,java.lang.String,java.lang.String,java.lang.String,java.lang.String,java.lang.String)[pri:1, instance:api.test.DDUserTests@75437611]" started-at="2025-01-12T15:38:27 BDT" name="testPostUser" data-provider="Data" finished-at="2025-01-12T15:38:28 BDT" duration-ms="1307" status="PASS">
          <params>
            <param index="0">
              <value>
                <![CDATA[10003]]>
              </value>
            </param>
            <param index="1">
              <value>
                <![CDATA[user3]]>
              </value>
            </param>
            <param index="2">
              <value>
                <![CDATA[test3]]>
              </value>
            </param>
            <param index="3">
              <value>
                <![CDATA[user3]]>
              </value>
            </param>
            <param index="4">
              <value>
                <![CDATA[test3@gmail.com]]>
              </value>
            </param>
            <param index="5">
              <value>
                <![CDATA[test@3]]>
              </value>
            </param>
            <param index="6">
              <value>
                <![CDATA[1234567893]]>
              </value>
            </param>
          </params>
          <reporter-output>
          </reporter-output>
        </test-method> <!-- testPostUser -->
        <test-method signature="testPostUser(java.lang.String,java.lang.String,java.lang.String,java.lang.String,java.lang.String,java.lang.String,java.lang.String)[pri:1, instance:api.test.DDUserTests@75437611]" started-at="2025-01-12T15:38:28 BDT" name="testPostUser" data-provider="Data" finished-at="2025-01-12T15:38:29 BDT" duration-ms="1252" status="PASS">
          <params>
            <param index="0">
              <value>
                <![CDATA[10004]]>
              </value>
            </param>
            <param index="1">
              <value>
                <![CDATA[user4]]>
              </value>
            </param>
            <param index="2">
              <value>
                <![CDATA[test4]]>
              </value>
            </param>
            <param index="3">
              <value>
                <![CDATA[user4]]>
              </value>
            </param>
            <param index="4">
              <value>
                <![CDATA[test4@gmail.com]]>
              </value>
            </param>
            <param index="5">
              <value>
                <![CDATA[test@4]]>
              </value>
            </param>
            <param index="6">
              <value>
                <![CDATA[1234567894]]>
              </value>
            </param>
          </params>
          <reporter-output>
          </reporter-output>
        </test-method> <!-- testPostUser -->
        <test-method signature="testPostUser(java.lang.String,java.lang.String,java.lang.String,java.lang.String,java.lang.String,java.lang.String,java.lang.String)[pri:1, instance:api.test.DDUserTests@75437611]" started-at="2025-01-12T15:38:29 BDT" name="testPostUser" data-provider="Data" finished-at="2025-01-12T15:38:31 BDT" duration-ms="1328" status="PASS">
          <params>
            <param index="0">
              <value>
                <![CDATA[10005]]>
              </value>
            </param>
            <param index="1">
              <value>
                <![CDATA[user5]]>
              </value>
            </param>
            <param index="2">
              <value>
                <![CDATA[test5]]>
              </value>
            </param>
            <param index="3">
              <value>
                <![CDATA[user5]]>
              </value>
            </param>
            <param index="4">
              <value>
                <![CDATA[test5@gmail.com]]>
              </value>
            </param>
            <param index="5">
              <value>
                <![CDATA[test@5]]>
              </value>
            </param>
            <param index="6">
              <value>
                <![CDATA[1234567895]]>
              </value>
            </param>
          </params>
          <reporter-output>
          </reporter-output>
        </test-method> <!-- testPostUser -->
        <test-method signature="testDeleteUserByName(java.lang.String)[pri:2, instance:api.test.DDUserTests@75437611]" started-at="2025-01-12T15:38:31 BDT" name="testDeleteUserByName" data-provider="UserNames" finished-at="2025-01-12T15:38:32 BDT" duration-ms="1247" status="PASS">
          <params>
            <param index="0">
              <value>
                <![CDATA[user1]]>
              </value>
            </param>
          </params>
          <reporter-output>
          </reporter-output>
        </test-method> <!-- testDeleteUserByName -->
        <test-method signature="testDeleteUserByName(java.lang.String)[pri:2, instance:api.test.DDUserTests@75437611]" started-at="2025-01-12T15:38:32 BDT" name="testDeleteUserByName" data-provider="UserNames" finished-at="2025-01-12T15:38:33 BDT" duration-ms="1237" status="PASS">
          <params>
            <param index="0">
              <value>
                <![CDATA[user2]]>
              </value>
            </param>
          </params>
          <reporter-output>
          </reporter-output>
        </test-method> <!-- testDeleteUserByName -->
        <test-method signature="testDeleteUserByName(java.lang.String)[pri:2, instance:api.test.DDUserTests@75437611]" started-at="2025-01-12T15:38:33 BDT" name="testDeleteUserByName" data-provider="UserNames" finished-at="2025-01-12T15:38:34 BDT" duration-ms="1267" status="PASS">
          <params>
            <param index="0">
              <value>
                <![CDATA[user3]]>
              </value>
            </param>
          </params>
          <reporter-output>
          </reporter-output>
        </test-method> <!-- testDeleteUserByName -->
        <test-method signature="testDeleteUserByName(java.lang.String)[pri:2, instance:api.test.DDUserTests@75437611]" started-at="2025-01-12T15:38:34 BDT" name="testDeleteUserByName" data-provider="UserNames" finished-at="2025-01-12T15:38:36 BDT" duration-ms="1291" status="PASS">
          <params>
            <param index="0">
              <value>
                <![CDATA[user4]]>
              </value>
            </param>
          </params>
          <reporter-output>
          </reporter-output>
        </test-method> <!-- testDeleteUserByName -->
        <test-method signature="testDeleteUserByName(java.lang.String)[pri:2, instance:api.test.DDUserTests@75437611]" started-at="2025-01-12T15:38:36 BDT" name="testDeleteUserByName" data-provider="UserNames" finished-at="2025-01-12T15:38:37 BDT" duration-ms="1273" status="PASS">
          <params>
            <param index="0">
              <value>
                <![CDATA[user5]]>
              </value>
            </param>
          </params>
          <reporter-output>
          </reporter-output>
        </test-method> <!-- testDeleteUserByName -->
      </class> <!-- api.test.DDUserTests -->
      <class name="api.test.UserTestsUsingProperties">
        <test-method is-config="true" signature="setup()[pri:0, instance:api.test.UserTestsUsingProperties@742ff096]" started-at="2025-01-12T15:38:16 BDT" name="setup" finished-at="2025-01-12T15:38:16 BDT" duration-ms="44" status="PASS">
          <reporter-output>
          </reporter-output>
        </test-method> <!-- setup -->
        <test-method signature="testPostUser()[pri:1, instance:api.test.UserTestsUsingProperties@742ff096]" started-at="2025-01-12T15:38:16 BDT" name="testPostUser" finished-at="2025-01-12T15:38:17 BDT" duration-ms="1293" status="PASS">
          <reporter-output>
          </reporter-output>
        </test-method> <!-- testPostUser -->
        <test-method signature="testGetUserByName()[pri:2, instance:api.test.UserTestsUsingProperties@742ff096]" started-at="2025-01-12T15:38:17 BDT" name="testGetUserByName" finished-at="2025-01-12T15:38:19 BDT" duration-ms="1280" status="PASS">
          <reporter-output>
          </reporter-output>
        </test-method> <!-- testGetUserByName -->
        <test-method signature="testUpdateUserByName()[pri:3, instance:api.test.UserTestsUsingProperties@742ff096]" started-at="2025-01-12T15:38:19 BDT" name="testUpdateUserByName" finished-at="2025-01-12T15:38:21 BDT" duration-ms="2486" status="PASS">
          <reporter-output>
          </reporter-output>
        </test-method> <!-- testUpdateUserByName -->
        <test-method signature="testDeleteUserByName()[pri:4, instance:api.test.UserTestsUsingProperties@742ff096]" started-at="2025-01-12T15:38:21 BDT" name="testDeleteUserByName" finished-at="2025-01-12T15:38:22 BDT" duration-ms="1263" status="PASS">
          <reporter-output>
          </reporter-output>
        </test-method> <!-- testDeleteUserByName -->
      </class> <!-- api.test.UserTestsUsingProperties -->
      <class name="api.test.UserTests">
        <test-method is-config="true" signature="setup()[pri:0, instance:api.test.UserTests@4b013c76]" started-at="2025-01-12T15:38:06 BDT" name="setup" finished-at="2025-01-12T15:38:07 BDT" duration-ms="710" status="PASS">
          <reporter-output>
          </reporter-output>
        </test-method> <!-- setup -->
        <test-method signature="testPostUser()[pri:1, instance:api.test.UserTests@4b013c76]" started-at="2025-01-12T15:38:07 BDT" name="testPostUser" finished-at="2025-01-12T15:38:10 BDT" duration-ms="3245" status="PASS">
          <reporter-output>
          </reporter-output>
        </test-method> <!-- testPostUser -->
        <test-method signature="testGetUserByName()[pri:2, instance:api.test.UserTests@4b013c76]" started-at="2025-01-12T15:38:10 BDT" name="testGetUserByName" finished-at="2025-01-12T15:38:12 BDT" duration-ms="1642" status="PASS">
          <reporter-output>
          </reporter-output>
        </test-method> <!-- testGetUserByName -->
        <test-method signature="testUpdateUserByName()[pri:3, instance:api.test.UserTests@4b013c76]" started-at="2025-01-12T15:38:12 BDT" name="testUpdateUserByName" finished-at="2025-01-12T15:38:15 BDT" duration-ms="2527" status="PASS">
          <reporter-output>
          </reporter-output>
        </test-method> <!-- testUpdateUserByName -->
        <test-method signature="testDeleteUserByName()[pri:4, instance:api.test.UserTests@4b013c76]" started-at="2025-01-12T15:38:15 BDT" name="testDeleteUserByName" finished-at="2025-01-12T15:38:16 BDT" duration-ms="1275" status="PASS">
          <reporter-output>
          </reporter-output>
        </test-method> <!-- testDeleteUserByName -->
      </class> <!-- api.test.UserTests -->
      <class name="api.test.StoreTests">
        <test-method is-config="true" signature="setup()[pri:0, instance:api.test.StoreTests@350aac89]" started-at="2025-01-12T15:38:37 BDT" name="setup" finished-at="2025-01-12T15:38:37 BDT" duration-ms="5" status="PASS">
          <reporter-output>
          </reporter-output>
        </test-method> <!-- setup -->
        <test-method signature="testPlaceOrder()[pri:1, instance:api.test.StoreTests@350aac89]" started-at="2025-01-12T15:38:37 BDT" name="testPlaceOrder" finished-at="2025-01-12T15:38:38 BDT" duration-ms="1264" status="PASS">
          <reporter-output>
          </reporter-output>
        </test-method> <!-- testPlaceOrder -->
        <test-method signature="testGetOrderById()[pri:2, instance:api.test.StoreTests@350aac89]" started-at="2025-01-12T15:38:38 BDT" name="testGetOrderById" finished-at="2025-01-12T15:38:39 BDT" duration-ms="1246" status="PASS">
          <reporter-output>
          </reporter-output>
        </test-method> <!-- testGetOrderById -->
        <test-method signature="testDeleteOrderById()[pri:3, instance:api.test.StoreTests@350aac89]" started-at="2025-01-12T15:38:39 BDT" name="testDeleteOrderById" finished-at="2025-01-12T15:38:42 BDT" duration-ms="2517" status="PASS">
          <reporter-output>
          </reporter-output>
        </test-method> <!-- testDeleteOrderById -->
        <test-method signature="testGetInventory()[pri:4, instance:api.test.StoreTests@350aac89]" started-at="2025-01-12T15:38:42 BDT" name="testGetInventory" finished-at="2025-01-12T15:38:43 BDT" duration-ms="1250" status="PASS">
          <reporter-output>
          </reporter-output>
        </test-method> <!-- testGetInventory -->
      </class> <!-- api.test.StoreTests -->
    </test> <!-- Test -->
  </suite> <!-- Suite -->
</testng-results>
